<?xml version="1.0" encoding="UTF-8"?>
<testsuite name="ArbreTests" tests="1" skipped="0" failures="0" errors="0" timestamp="2021-10-18T15:18:15" hostname="LP5-RJI8-DSY" time="0.017">
  <properties/>
  <testcase name="minFeuilleChaineError()" classname="ArbreTests" time="0.017"/>
  <system-out><![CDATA[]]></system-out>
  <system-err><![CDATA[]]></system-err>
</testsuite>
